Exporter version: 2.80.1, Blender version: 2.91.2
========= Conversion from Blender to Babylon.js =========
	Scene settings used :
		Inline textures     :  false
		Material Type       :  PBR
		Positions Precision :  4
		Normals Precision   :  3
		UVs Precision       :  3
		Vert Color Precision:  3
		Mat Weight Precision:  2
		Keep Z-up r-handed  :  no
		Texture directory   :  D:\External\pr00thmatic.github.io\vreality\recorrido-virtual-demo\scene v3\
	Python World class constructor completed
	WARNING: No active camera has been assigned, or is not in a currently selected Blender layer
	processing begun of mesh:  navpoint
		processing begun of material:  navpoints
		num positions      :  67
		num normals        :  67
		num tangents       :  0
		num uvs            :  134
		num uvs2           :  0
		num colors         :  0
		num triangles      :  28
	processing begun of mesh:  navpoint.001
		processing begun of material:  navpoints
		registered as also a user of material:  navpoints
		num positions      :  68
		num normals        :  68
		num tangents       :  0
		num uvs            :  136
		num uvs2           :  0
		num colors         :  0
		num triangles      :  28
	processing begun of mesh:  navpoint.002
		processing begun of material:  navpoints
		registered as also a user of material:  navpoints
		num positions      :  67
		num normals        :  67
		num tangents       :  0
		num uvs            :  134
		num uvs2           :  0
		num colors         :  0
		num triangles      :  28
	processing begun of mesh:  navpoint.003
		processing begun of material:  navpoints
		registered as also a user of material:  navpoints
		num positions      :  64
		num normals        :  64
		num tangents       :  0
		num uvs            :  128
		num uvs2           :  0
		num colors         :  0
		num triangles      :  28
	processing begun of mesh:  navpoint.004
		processing begun of material:  navpoints
		registered as also a user of material:  navpoints
		num positions      :  65
		num normals        :  65
		num tangents       :  0
		num uvs            :  130
		num uvs2           :  0
		num colors         :  0
		num triangles      :  28
	processing begun of mesh:  navpoint.005
		processing begun of material:  navpoints
		registered as also a user of material:  navpoints
		num positions      :  69
		num normals        :  69
		num tangents       :  0
		num uvs            :  138
		num uvs2           :  0
		num colors         :  0
		num triangles      :  28
	processing begun of mesh:  navpoint.006
		processing begun of material:  navpoints
		registered as also a user of material:  navpoints
		num positions      :  69
		num normals        :  69
		num tangents       :  0
		num uvs            :  138
		num uvs2           :  0
		num colors         :  0
		num triangles      :  28
	processing begun of mesh:  navpoint.007
		processing begun of material:  navpoints
		registered as also a user of material:  navpoints
		num positions      :  69
		num normals        :  69
		num tangents       :  0
		num uvs            :  138
		num uvs2           :  0
		num colors         :  0
		num triangles      :  28
	processing begun of mesh:  baker
		processing begun of material:  living room
		processing begun of material:  roof bathroom
		processing begun of material:  roof
		processing begun of material:  roof room
		processing begun of material:  floor
		processing begun of material:  floor living
		processing begun of material:  floor room
		processing begun of material:  walls bathroom
		processing begun of material:  walls room
		processing begun of material:  outside
			processing texture the_biggest_wet_bake
				texture type:  diffuseTexture, mapped using: "UVMap"
			processing texture the_biggest_wet_bake
				texture type:  diffuseTexture, mapped using: "UVMap"
			processing texture the_biggest_wet_bake
				texture type:  diffuseTexture, mapped using: "UVMap"
			processing texture the_biggest_wet_bake
				texture type:  diffuseTexture, mapped using: "UVMap"
			processing texture the_biggest_wet_bake
				texture type:  diffuseTexture, mapped using: "UVMap"
			processing texture the_biggest_wet_bake
				texture type:  diffuseTexture, mapped using: "UVMap"
			processing texture the_biggest_wet_bake
				texture type:  diffuseTexture, mapped using: "UVMap"
			processing texture the_biggest_wet_bake
				texture type:  diffuseTexture, mapped using: "UVMap"
			processing texture the_biggest_wet_bake
				texture type:  diffuseTexture, mapped using: "UVMap"
			processing texture the_biggest_wet_bake
				texture type:  diffuseTexture, mapped using: "UVMap"
		processing begun of multimaterial:  casa.Multimaterial#0
		num positions      :  0
		num normals        :  0
		num tangents       :  0
		num uvs            :  0
		num uvs2           :  0
		num colors         :  0
		num triangles      :  0
	WARNING: mesh, baker, has 0 vertices; ignored
	processing begun of mesh:  baker.001
		processing begun of material:  living room
		registered as also a user of material:  living room
		num positions      :  126
		num normals        :  126
		num tangents       :  0
		num uvs            :  252
		num uvs2           :  0
		num colors         :  0
		num triangles      :  46
	processing begun of mesh:  baker.002
		processing begun of material:  roof bathroom
		registered as also a user of material:  roof bathroom
		num positions      :  6
		num normals        :  6
		num tangents       :  0
		num uvs            :  12
		num uvs2           :  0
		num colors         :  0
		num triangles      :  4
	processing begun of mesh:  baker.003
		processing begun of material:  roof
		registered as also a user of material:  roof
		num positions      :  58
		num normals        :  58
		num tangents       :  0
		num uvs            :  116
		num uvs2           :  0
		num colors         :  0
		num triangles      :  31
	processing begun of mesh:  baker.004
		processing begun of material:  roof room
		registered as also a user of material:  roof room
		num positions      :  6
		num normals        :  6
		num tangents       :  0
		num uvs            :  12
		num uvs2           :  0
		num colors         :  0
		num triangles      :  4
	processing begun of mesh:  baker.005
		processing begun of material:  floor
		registered as also a user of material:  floor
		num positions      :  44
		num normals        :  44
		num tangents       :  0
		num uvs            :  88
		num uvs2           :  0
		num colors         :  0
		num triangles      :  20
	processing begun of mesh:  baker.006
		processing begun of material:  floor living
		registered as also a user of material:  floor living
		num positions      :  15
		num normals        :  15
		num tangents       :  0
		num uvs            :  30
		num uvs2           :  0
		num colors         :  0
		num triangles      :  13
	processing begun of mesh:  baker.007
		processing begun of material:  floor room
		registered as also a user of material:  floor room
		num positions      :  7
		num normals        :  7
		num tangents       :  0
		num uvs            :  14
		num uvs2           :  0
		num colors         :  0
		num triangles      :  5
	processing begun of mesh:  baker.008
		processing begun of material:  walls bathroom
		registered as also a user of material:  walls bathroom
		num positions      :  57
		num normals        :  57
		num tangents       :  0
		num uvs            :  114
		num uvs2           :  0
		num colors         :  0
		num triangles      :  23
	processing begun of mesh:  baker.009
		processing begun of material:  walls room
		registered as also a user of material:  walls room
		num positions      :  67
		num normals        :  67
		num tangents       :  0
		num uvs            :  134
		num uvs2           :  0
		num colors         :  0
		num triangles      :  27
	processing begun of mesh:  baker.010
		processing begun of material:  outside
		registered as also a user of material:  outside
		num positions      :  74
		num normals        :  74
		num tangents       :  0
		num uvs            :  148
		num uvs2           :  0
		num colors         :  0
		num triangles      :  28
	processing begun of mesh:  baker.011
		processing begun of material:  roof bathroom
		registered as also a user of material:  roof bathroom
		num positions      :  5
		num normals        :  5
		num tangents       :  0
		num uvs            :  10
		num uvs2           :  0
		num colors         :  0
		num triangles      :  3
========= Writing of JSON file started =========
	writing mesh:  navpoint
	writing mesh:  navpoint.001
	writing mesh:  navpoint.002
	writing mesh:  navpoint.003
	writing mesh:  navpoint.004
	writing mesh:  navpoint.005
	writing mesh:  navpoint.006
	writing mesh:  navpoint.007
	writing mesh:  baker.001
	writing mesh:  baker.002
	writing mesh:  baker.003
	writing mesh:  baker.004
	writing mesh:  baker.005
	writing mesh:  baker.006
	writing mesh:  baker.007
	writing mesh:  baker.008
	writing mesh:  baker.009
	writing mesh:  baker.010
	writing mesh:  baker.011
========= Writing of JSON file completed =========
========= end of processing =========
elapsed time:  0 min, 0.1178 secs
