Exporter version: 2.80.1, Blender version: 2.91.2
========= Conversion from Blender to Babylon.js =========
	Scene settings used :
		Inline textures     :  false
		Material Type       :  PBR
		Positions Precision :  4
		Normals Precision   :  3
		UVs Precision       :  3
		Vert Color Precision:  3
		Mat Weight Precision:  2
		Keep Z-up r-handed  :  no
		Texture directory   :  D:\External\pr00thmatic.github.io\vreality\recorrido-virtual-demo\assets\scenes\
	Python World class constructor completed
	WARNING: No active camera has been assigned, or is not in a currently selected Blender layer
	processing begun of mesh:  navpoint
		processing begun of material:  navpoint
		num positions      :  117
		num normals        :  117
		num tangents       :  0
		num uvs            :  234
		num uvs2           :  0
		num colors         :  0
		num triangles      :  60
	processing begun of mesh:  navpoint.001
		processing begun of material:  navpoint
		registered as also a user of material:  navpoint
		num positions      :  117
		num normals        :  117
		num tangents       :  0
		num uvs            :  234
		num uvs2           :  0
		num colors         :  0
		num triangles      :  60
	processing begun of mesh:  navpoint.002
		processing begun of material:  navpoint
		registered as also a user of material:  navpoint
		num positions      :  117
		num normals        :  117
		num tangents       :  0
		num uvs            :  234
		num uvs2           :  0
		num colors         :  0
		num triangles      :  60
	processing begun of mesh:  navpoint.003
		processing begun of material:  navpoint
		registered as also a user of material:  navpoint
		num positions      :  117
		num normals        :  117
		num tangents       :  0
		num uvs            :  234
		num uvs2           :  0
		num colors         :  0
		num triangles      :  60
	processing begun of mesh:  navpoint.004
		processing begun of material:  navpoint
		registered as also a user of material:  navpoint
		num positions      :  117
		num normals        :  117
		num tangents       :  0
		num uvs            :  234
		num uvs2           :  0
		num colors         :  0
		num triangles      :  60
	processing begun of mesh:  navpoint.005
		processing begun of material:  navpoint
		registered as also a user of material:  navpoint
		num positions      :  117
		num normals        :  117
		num tangents       :  0
		num uvs            :  234
		num uvs2           :  0
		num colors         :  0
		num triangles      :  60
	processing begun of mesh:  navpoint.006
		processing begun of material:  navpoint
		registered as also a user of material:  navpoint
		num positions      :  117
		num normals        :  117
		num tangents       :  0
		num uvs            :  234
		num uvs2           :  0
		num colors         :  0
		num triangles      :  60
	processing begun of mesh:  navpoint.007
		processing begun of material:  navpoint
		registered as also a user of material:  navpoint
		num positions      :  117
		num normals        :  117
		num tangents       :  0
		num uvs            :  234
		num uvs2           :  0
		num colors         :  0
		num triangles      :  60
	processing begun of mesh:  navpoint.008
		processing begun of material:  navpoint
		registered as also a user of material:  navpoint
		num positions      :  117
		num normals        :  117
		num tangents       :  0
		num uvs            :  234
		num uvs2           :  0
		num colors         :  0
		num triangles      :  60
	processing begun of mesh:  navpoint.009
		processing begun of material:  navpoint
		registered as also a user of material:  navpoint
		num positions      :  117
		num normals        :  117
		num tangents       :  0
		num uvs            :  234
		num uvs2           :  0
		num colors         :  0
		num triangles      :  60
	processing begun of mesh:  navpoint.010
		processing begun of material:  navpoint
		registered as also a user of material:  navpoint
		num positions      :  117
		num normals        :  117
		num tangents       :  0
		num uvs            :  234
		num uvs2           :  0
		num colors         :  0
		num triangles      :  60
	processing begun of mesh:  navpoint.011
		processing begun of material:  navpoint
		registered as also a user of material:  navpoint
		num positions      :  117
		num normals        :  117
		num tangents       :  0
		num uvs            :  234
		num uvs2           :  0
		num colors         :  0
		num triangles      :  60
	processing begun of mesh:  navpoint.012
		processing begun of material:  navpoint
		registered as also a user of material:  navpoint
		num positions      :  117
		num normals        :  117
		num tangents       :  0
		num uvs            :  234
		num uvs2           :  0
		num colors         :  0
		num triangles      :  60
	processing begun of mesh:  navpoint.013
		processing begun of material:  navpoint
		registered as also a user of material:  navpoint
		num positions      :  117
		num normals        :  117
		num tangents       :  0
		num uvs            :  234
		num uvs2           :  0
		num colors         :  0
		num triangles      :  60
	processing begun of mesh:  navpoint.014
		processing begun of material:  navpoint
		registered as also a user of material:  navpoint
		num positions      :  117
		num normals        :  117
		num tangents       :  0
		num uvs            :  234
		num uvs2           :  0
		num colors         :  0
		num triangles      :  60
	processing begun of mesh:  navpoint.015
		processing begun of material:  navpoint
		registered as also a user of material:  navpoint
		num positions      :  117
		num normals        :  117
		num tangents       :  0
		num uvs            :  234
		num uvs2           :  0
		num colors         :  0
		num triangles      :  60
	processing begun of mesh:  navpoint.016
		processing begun of material:  navpoint
		registered as also a user of material:  navpoint
		num positions      :  117
		num normals        :  117
		num tangents       :  0
		num uvs            :  234
		num uvs2           :  0
		num colors         :  0
		num triangles      :  60
	processing begun of mesh:  navpoint.017
		processing begun of material:  navpoint
		registered as also a user of material:  navpoint
		num positions      :  117
		num normals        :  117
		num tangents       :  0
		num uvs            :  234
		num uvs2           :  0
		num colors         :  0
		num triangles      :  60
	processing begun of mesh:  building
		processing begun of material:  SVGMat.001
		processing begun of material:  blanco
		processing begun of material:  oliva
		processing begun of material:  blue
		processing begun of material:  top
		processing begun of material:  floor
		processing begun of multimaterial:  recorrido_virtual.Multimaterial#0
		num positions      :  30
		num normals        :  30
		num tangents       :  0
		num uvs            :  60
		num uvs2           :  0
		num colors         :  0
		num triangles      :  12
	processing begun of mesh:  building.001
		processing begun of material:  SVGMat.001
		processing begun of material:  blanco
		processing begun of material:  oliva
		processing begun of material:  blue
		processing begun of material:  top
		processing begun of material:  floor
		registered as also a user of material:  SVGMat.001
		registered as also a user of material:  blanco
		registered as also a user of material:  oliva
		registered as also a user of material:  blue
		registered as also a user of material:  top
		registered as also a user of material:  floor
		processing begun of multimaterial:  recorrido_virtual.Multimaterial#1
		num positions      :  188
		num normals        :  188
		num tangents       :  0
		num uvs            :  376
		num uvs2           :  0
		num colors         :  0
		num triangles      :  116
	processing begun of mesh:  building.002
		processing begun of material:  SVGMat.001
		processing begun of material:  blanco
		processing begun of material:  oliva
		processing begun of material:  blue
		processing begun of material:  top
		processing begun of material:  floor
		registered as also a user of material:  SVGMat.001
		registered as also a user of material:  blanco
		registered as also a user of material:  oliva
		registered as also a user of material:  blue
		registered as also a user of material:  top
		registered as also a user of material:  floor
		processing begun of multimaterial:  recorrido_virtual.Multimaterial#2
		num positions      :  27
		num normals        :  27
		num tangents       :  0
		num uvs            :  54
		num uvs2           :  0
		num colors         :  0
		num triangles      :  12
	processing begun of mesh:  building.003
		processing begun of material:  SVGMat.001
		processing begun of material:  blanco
		processing begun of material:  oliva
		processing begun of material:  blue
		processing begun of material:  top
		processing begun of material:  floor
		registered as also a user of material:  SVGMat.001
		registered as also a user of material:  blanco
		registered as also a user of material:  oliva
		registered as also a user of material:  blue
		registered as also a user of material:  top
		registered as also a user of material:  floor
		processing begun of multimaterial:  recorrido_virtual.Multimaterial#3
		num positions      :  18
		num normals        :  18
		num tangents       :  0
		num uvs            :  36
		num uvs2           :  0
		num colors         :  0
		num triangles      :  8
	processing begun of mesh:  building.004
		processing begun of material:  SVGMat.001
		processing begun of material:  blanco
		processing begun of material:  oliva
		processing begun of material:  blue
		processing begun of material:  top
		processing begun of material:  floor
		registered as also a user of material:  SVGMat.001
		registered as also a user of material:  blanco
		registered as also a user of material:  oliva
		registered as also a user of material:  blue
		registered as also a user of material:  top
		registered as also a user of material:  floor
		processing begun of multimaterial:  recorrido_virtual.Multimaterial#4
		num positions      :  54
		num normals        :  54
		num tangents       :  0
		num uvs            :  108
		num uvs2           :  0
		num colors         :  0
		num triangles      :  24
	processing begun of mesh:  building.005
		processing begun of material:  SVGMat.001
		processing begun of material:  blanco
		processing begun of material:  oliva
		processing begun of material:  blue
		processing begun of material:  top
		processing begun of material:  floor
		registered as also a user of material:  SVGMat.001
		registered as also a user of material:  blanco
		registered as also a user of material:  oliva
		registered as also a user of material:  blue
		registered as also a user of material:  top
		registered as also a user of material:  floor
		processing begun of multimaterial:  recorrido_virtual.Multimaterial#5
		num positions      :  68
		num normals        :  68
		num tangents       :  0
		num uvs            :  136
		num uvs2           :  0
		num colors         :  0
		num triangles      :  68
	processing begun of mesh:  building.006
		processing begun of material:  SVGMat.001
		processing begun of material:  blanco
		processing begun of material:  oliva
		processing begun of material:  blue
		processing begun of material:  top
		processing begun of material:  floor
		registered as also a user of material:  SVGMat.001
		registered as also a user of material:  blanco
		registered as also a user of material:  oliva
		registered as also a user of material:  blue
		registered as also a user of material:  top
		registered as also a user of material:  floor
		processing begun of multimaterial:  recorrido_virtual.Multimaterial#6
		num positions      :  25
		num normals        :  25
		num tangents       :  0
		num uvs            :  50
		num uvs2           :  0
		num colors         :  0
		num triangles      :  14
	processing begun of mesh:  building.007
		processing begun of material:  SVGMat.001
		processing begun of material:  blanco
		processing begun of material:  oliva
		processing begun of material:  blue
		processing begun of material:  top
		processing begun of material:  floor
		registered as also a user of material:  SVGMat.001
		registered as also a user of material:  blanco
		registered as also a user of material:  oliva
		registered as also a user of material:  blue
		registered as also a user of material:  top
		registered as also a user of material:  floor
		processing begun of multimaterial:  recorrido_virtual.Multimaterial#7
		num positions      :  12
		num normals        :  12
		num tangents       :  0
		num uvs            :  24
		num uvs2           :  0
		num colors         :  0
		num triangles      :  6
	processing begun of mesh:  building.008
		processing begun of material:  SVGMat.001
		processing begun of material:  blanco
		processing begun of material:  oliva
		processing begun of material:  blue
		processing begun of material:  top
		processing begun of material:  floor
		registered as also a user of material:  SVGMat.001
		registered as also a user of material:  blanco
		registered as also a user of material:  oliva
		registered as also a user of material:  blue
		registered as also a user of material:  top
		registered as also a user of material:  floor
		processing begun of multimaterial:  recorrido_virtual.Multimaterial#8
		num positions      :  12
		num normals        :  12
		num tangents       :  0
		num uvs            :  24
		num uvs2           :  0
		num colors         :  0
		num triangles      :  6
	processing begun of mesh:  building.009
		processing begun of material:  SVGMat.001
		processing begun of material:  blanco
		processing begun of material:  oliva
		processing begun of material:  blue
		processing begun of material:  top
		processing begun of material:  floor
		registered as also a user of material:  SVGMat.001
		registered as also a user of material:  blanco
		registered as also a user of material:  oliva
		registered as also a user of material:  blue
		registered as also a user of material:  top
		registered as also a user of material:  floor
		processing begun of multimaterial:  recorrido_virtual.Multimaterial#9
		num positions      :  4
		num normals        :  4
		num tangents       :  0
		num uvs            :  8
		num uvs2           :  0
		num colors         :  0
		num triangles      :  2
	processing begun of mesh:  building.010
		processing begun of material:  SVGMat.001
		processing begun of material:  blanco
		processing begun of material:  oliva
		processing begun of material:  blue
		processing begun of material:  top
		processing begun of material:  floor
		registered as also a user of material:  SVGMat.001
		registered as also a user of material:  blanco
		registered as also a user of material:  oliva
		registered as also a user of material:  blue
		registered as also a user of material:  top
		registered as also a user of material:  floor
		processing begun of multimaterial:  recorrido_virtual.Multimaterial#10
		num positions      :  8
		num normals        :  8
		num tangents       :  0
		num uvs            :  16
		num uvs2           :  0
		num colors         :  0
		num triangles      :  4
	processing begun of mesh:  building.011
		processing begun of material:  SVGMat.001
		processing begun of material:  blanco
		processing begun of material:  oliva
		processing begun of material:  blue
		processing begun of material:  top
		processing begun of material:  floor
		registered as also a user of material:  SVGMat.001
		registered as also a user of material:  blanco
		registered as also a user of material:  oliva
		registered as also a user of material:  blue
		registered as also a user of material:  top
		registered as also a user of material:  floor
		processing begun of multimaterial:  recorrido_virtual.Multimaterial#11
		num positions      :  12
		num normals        :  12
		num tangents       :  0
		num uvs            :  24
		num uvs2           :  0
		num colors         :  0
		num triangles      :  6
	processing begun of mesh:  building.012
		processing begun of material:  SVGMat.001
		processing begun of material:  blanco
		processing begun of material:  oliva
		processing begun of material:  blue
		processing begun of material:  top
		processing begun of material:  floor
		registered as also a user of material:  SVGMat.001
		registered as also a user of material:  blanco
		registered as also a user of material:  oliva
		registered as also a user of material:  blue
		registered as also a user of material:  top
		registered as also a user of material:  floor
		processing begun of multimaterial:  recorrido_virtual.Multimaterial#12
		num positions      :  16
		num normals        :  16
		num tangents       :  0
		num uvs            :  32
		num uvs2           :  0
		num colors         :  0
		num triangles      :  8
	processing begun of mesh:  building.013
		processing begun of material:  SVGMat.001
		processing begun of material:  blanco
		processing begun of material:  oliva
		processing begun of material:  blue
		processing begun of material:  top
		processing begun of material:  floor
		registered as also a user of material:  SVGMat.001
		registered as also a user of material:  blanco
		registered as also a user of material:  oliva
		registered as also a user of material:  blue
		registered as also a user of material:  top
		registered as also a user of material:  floor
		processing begun of multimaterial:  recorrido_virtual.Multimaterial#13
		num positions      :  8
		num normals        :  8
		num tangents       :  0
		num uvs            :  16
		num uvs2           :  0
		num colors         :  0
		num triangles      :  4
	processing begun of mesh:  building.014
		processing begun of material:  SVGMat.001
		processing begun of material:  blanco
		processing begun of material:  oliva
		processing begun of material:  blue
		processing begun of material:  top
		processing begun of material:  floor
		registered as also a user of material:  SVGMat.001
		registered as also a user of material:  blanco
		registered as also a user of material:  oliva
		registered as also a user of material:  blue
		registered as also a user of material:  top
		registered as also a user of material:  floor
		processing begun of multimaterial:  recorrido_virtual.Multimaterial#14
		num positions      :  12
		num normals        :  12
		num tangents       :  0
		num uvs            :  24
		num uvs2           :  0
		num colors         :  0
		num triangles      :  6
	processing begun of mesh:  building.015
		processing begun of material:  SVGMat.001
		processing begun of material:  blanco
		processing begun of material:  oliva
		processing begun of material:  blue
		processing begun of material:  top
		processing begun of material:  floor
		registered as also a user of material:  SVGMat.001
		registered as also a user of material:  blanco
		registered as also a user of material:  oliva
		registered as also a user of material:  blue
		registered as also a user of material:  top
		registered as also a user of material:  floor
		processing begun of multimaterial:  recorrido_virtual.Multimaterial#15
		num positions      :  17
		num normals        :  17
		num tangents       :  0
		num uvs            :  34
		num uvs2           :  0
		num colors         :  0
		num triangles      :  8
	processing begun of mesh:  building.016
		processing begun of material:  SVGMat.001
		processing begun of material:  blanco
		processing begun of material:  oliva
		processing begun of material:  blue
		processing begun of material:  top
		processing begun of material:  floor
		registered as also a user of material:  SVGMat.001
		registered as also a user of material:  blanco
		registered as also a user of material:  oliva
		registered as also a user of material:  blue
		registered as also a user of material:  top
		registered as also a user of material:  floor
		processing begun of multimaterial:  recorrido_virtual.Multimaterial#16
		num positions      :  8
		num normals        :  8
		num tangents       :  0
		num uvs            :  16
		num uvs2           :  0
		num colors         :  0
		num triangles      :  4
	processing begun of mesh:  building.017
		processing begun of material:  SVGMat.001
		processing begun of material:  blanco
		processing begun of material:  oliva
		processing begun of material:  blue
		processing begun of material:  top
		processing begun of material:  floor
		registered as also a user of material:  SVGMat.001
		registered as also a user of material:  blanco
		registered as also a user of material:  oliva
		registered as also a user of material:  blue
		registered as also a user of material:  top
		registered as also a user of material:  floor
		processing begun of multimaterial:  recorrido_virtual.Multimaterial#17
		num positions      :  8
		num normals        :  8
		num tangents       :  0
		num uvs            :  16
		num uvs2           :  0
		num colors         :  0
		num triangles      :  4
	processing begun of mesh:  building.018
		processing begun of material:  SVGMat.001
		processing begun of material:  blanco
		processing begun of material:  oliva
		processing begun of material:  blue
		processing begun of material:  top
		processing begun of material:  floor
		registered as also a user of material:  SVGMat.001
		registered as also a user of material:  blanco
		registered as also a user of material:  oliva
		registered as also a user of material:  blue
		registered as also a user of material:  top
		registered as also a user of material:  floor
		processing begun of multimaterial:  recorrido_virtual.Multimaterial#18
		num positions      :  10
		num normals        :  10
		num tangents       :  0
		num uvs            :  20
		num uvs2           :  0
		num colors         :  0
		num triangles      :  8
========= Writing of JSON file started =========
	writing mesh:  navpoint
	writing mesh:  navpoint.001
	writing mesh:  navpoint.002
	writing mesh:  navpoint.003
	writing mesh:  navpoint.004
	writing mesh:  navpoint.005
	writing mesh:  navpoint.006
	writing mesh:  navpoint.007
	writing mesh:  navpoint.008
	writing mesh:  navpoint.009
	writing mesh:  navpoint.010
	writing mesh:  navpoint.011
	writing mesh:  navpoint.012
	writing mesh:  navpoint.013
	writing mesh:  navpoint.014
	writing mesh:  navpoint.015
	writing mesh:  navpoint.016
	writing mesh:  navpoint.017
	writing mesh:  building
	writing mesh:  building.001
	writing mesh:  building.002
	writing mesh:  building.003
	writing mesh:  building.004
	writing mesh:  building.005
	writing mesh:  building.006
	writing mesh:  building.007
	writing mesh:  building.008
	writing mesh:  building.009
	writing mesh:  building.010
	writing mesh:  building.011
	writing mesh:  building.012
	writing mesh:  building.013
	writing mesh:  building.014
	writing mesh:  building.015
	writing mesh:  building.016
	writing mesh:  building.017
	writing mesh:  building.018
========= Writing of JSON file completed =========
========= end of processing =========
elapsed time:  0 min, 0.2284 secs
